<?xml version="1.0" encoding="UTF-8"?>
<testsuite name="TwoToOneTest" tests="2" skipped="0" failures="0" errors="0" timestamp="2022-11-07T12:19:56" hostname="LAPTOP-5751OJF4" time="0.047">
  <properties/>
  <testcase name="test()" classname="TwoToOneTest" time="0.021"/>
  <testcase name="test1()" classname="TwoToOneTest" time="0.025"/>
  <system-out><![CDATA[longest Fixed Tests
200 Random Tests
]]></system-out>
  <system-err><![CDATA[]]></system-err>
</testsuite>
