<?xml version="1.0" encoding="UTF-8"?>
<testsuite name="SpinWordsTest" tests="1" skipped="0" failures="0" errors="0" timestamp="2022-11-07T12:17:50" hostname="LAPTOP-5751OJF4" time="0.023">
  <properties/>
  <testcase name="test()" classname="SpinWordsTest" time="0.023"/>
  <system-out><![CDATA[]]></system-out>
  <system-err><![CDATA[]]></system-err>
</testsuite>
