<?xml version="1.0" encoding="UTF-8"?>
<testsuite name="EvenOrOddTest" tests="2" skipped="0" failures="0" errors="0" timestamp="2022-11-07T11:45:48" hostname="LAPTOP-5751OJF4" time="0.019">
  <properties/>
  <testcase name="randomTests()" classname="EvenOrOddTest" time="0.018"/>
  <testcase name="testEvenOrOdd()" classname="EvenOrOddTest" time="0.0"/>
  <system-out><![CDATA[]]></system-out>
  <system-err><![CDATA[]]></system-err>
</testsuite>
