<?xml version="1.0" encoding="UTF-8"?>
<testsuite name="PrinterTest" tests="2" skipped="0" failures="0" errors="0" timestamp="2022-11-07T12:21:27" hostname="LAPTOP-5751OJF4" time="0.066">
  <properties/>
  <testcase name="test()" classname="PrinterTest" time="0.024"/>
  <testcase name="test1()" classname="PrinterTest" time="0.041"/>
  <system-out><![CDATA[printerError Fixed Tests
100 Random Tests
]]></system-out>
  <system-err><![CDATA[]]></system-err>
</testsuite>
