<?xml version="1.0" encoding="UTF-8"?>
<testsuite name="ProdFibTest" tests="13" skipped="0" failures="0" errors="0" timestamp="2022-11-07T12:08:22" hostname="LAPTOP-5751OJF4" time="0.039">
  <properties/>
  <testcase name="test10()" classname="ProdFibTest" time="0.021"/>
  <testcase name="test11()" classname="ProdFibTest" time="0.001"/>
  <testcase name="test12()" classname="ProdFibTest" time="0.0"/>
  <testcase name="test()" classname="ProdFibTest" time="0.005"/>
  <testcase name="test1()" classname="ProdFibTest" time="0.001"/>
  <testcase name="test2()" classname="ProdFibTest" time="0.001"/>
  <testcase name="test3()" classname="ProdFibTest" time="0.001"/>
  <testcase name="test4()" classname="ProdFibTest" time="0.001"/>
  <testcase name="test5()" classname="ProdFibTest" time="0.001"/>
  <testcase name="test6()" classname="ProdFibTest" time="0.0"/>
  <testcase name="test7()" classname="ProdFibTest" time="0.0"/>
  <testcase name="test8()" classname="ProdFibTest" time="0.0"/>
  <testcase name="test9()" classname="ProdFibTest" time="0.0"/>
  <system-out><![CDATA[2932589879121
1
4456077604922913920
Random test 0
1576239
Random test 1
193864606
Random test 2
2472169789339634
Random test 3
7677619978602
Random test 4
427859097160
Random test 5
229970
Random test 6
20100270056686
Random test 7
360684711361584
Random test 8
9107509825
Random test 9
7677619978602
Random test 10
1120149658760
Random test 11
28284465
Random test 12
2932589879121
Random test 13
602070
Random test 14
2472169789339634
4895
5895
74049690
84049690
193864606
447577
602070
602070602070
1120149658760
]]></system-out>
  <system-err><![CDATA[]]></system-err>
</testsuite>
