<?xml version="1.0" encoding="UTF-8"?>
<testsuite name="PigLatinTests" tests="2" skipped="0" failures="0" errors="0" timestamp="2022-11-07T12:02:42" hostname="LAPTOP-5751OJF4" time="0.033">
  <properties/>
  <testcase name="FixedTests()" classname="PigLatinTests" time="0.024"/>
  <testcase name="RandomTests()" classname="PigLatinTests" time="0.009"/>
  <system-out><![CDATA[]]></system-out>
  <system-err><![CDATA[]]></system-err>
</testsuite>
