<?xml version="1.0" encoding="UTF-8"?>
<testsuite name="SolutionTest" tests="2" skipped="0" failures="0" errors="0" timestamp="2022-11-07T11:51:14" hostname="LAPTOP-5751OJF4" time="0.036">
  <properties/>
  <testcase name="randomTests()" classname="SolutionTest" time="0.033"/>
  <testcase name="fixedTests()" classname="SolutionTest" time="0.003"/>
  <system-out><![CDATA[



(


)

))


)
))
))))(
)))))))((


(((


)(
))))(
(
)(((((((((((((

)
)))


((((
(




)
)




)(((
))(((

))
((

)

)
)(((



)))))
(
))(((((



((((




))


)((
(

))))

)(
((((
))
(
)(((
)))))((
)
)


(

)(
)))((

((
((

(
)

))))(

)))


((



)

)

))
)

((((((((

)(
)(
)(
)(
)(
)(

)(
]]></system-out>
  <system-err><![CDATA[]]></system-err>
</testsuite>
