<?xml version="1.0" encoding="UTF-8"?>
<testsuite name="SolutionTest" tests="2" skipped="0" failures="0" errors="0" timestamp="2022-11-07T12:11:53" hostname="LAPTOP-5751OJF4" time="0.028">
  <properties/>
  <testcase name="randomTests()" classname="SolutionTest" time="0.024"/>
  <testcase name="staticTests()" classname="SolutionTest" time="0.004"/>
  <system-out><![CDATA[]]></system-out>
  <system-err><![CDATA[]]></system-err>
</testsuite>
