<?xml version="1.0" encoding="UTF-8"?>
<testsuite name="BitCountingTest" tests="2" skipped="0" failures="0" errors="0" timestamp="2022-11-07T12:26:03" hostname="LAPTOP-5751OJF4" time="0.019">
  <properties/>
  <testcase name="testGame()" classname="BitCountingTest" time="0.018"/>
  <testcase name="randomTests()" classname="BitCountingTest" time="0.001"/>
  <system-out><![CDATA[]]></system-out>
  <system-err><![CDATA[]]></system-err>
</testsuite>
